Run Stats for experiment at: 04-01-2017 02:12:55
4163.0
3807.0
3793.0
3922.0
3818.0
3700.0
3977.0
3975.0
4090.0
3634.0
3877.0
3958.0
3736.0
3736.0
3694.0
4030.0
3748.0
3963.0
3570.0
3934.0
3883.0
4174.0
4043.0
4112.0
3906.0
4028.0
3448.0
3889.0
3781.0
3847.0
3802.0
3636.0
3822.0
3760.0
4115.0
3782.0
3947.0
3821.0
3854.0
4087.0
3704.0
3986.0
4028.0
3883.0
4188.0
3612.0
3921.0
3889.0
3956.0
3817.0
3867.0
3920.0
3967.0
3963.0
3859.0
4111.0
3823.0
3840.0
3828.0
4068.0
3926.0
4010.0
4000.0
3773.0
3876.0
4060.0
3805.0
3767.0
4078.0
3591.0
3687.0
3647.0
3981.0
4131.0
3903.0
3732.0
3750.0
3794.0
3968.0
3850.0
4018.0
4046.0
3992.0
3932.0
3760.0
3867.0
4027.0
3730.0
3906.0
4017.0
3755.0
3972.0
4188.0
4121.0
3769.0
4002.0
3525.0
3886.0
3839.0
4138.0
