Run Stats for experiment at: 04-15-2017 09:24:16
2873.0
3292.0
2817.0
2932.0
3282.0
3301.0
3217.0
3062.0
3451.0
3162.0
3034.0
3493.0
2740.0
3153.0
3015.0
3120.0
3459.0
3424.0
3064.0
3461.0
3594.0
3610.0
3070.0
3266.0
3526.0
3208.0
3294.0
3036.0
3230.0
3107.0
3067.0
3097.0
3032.0
3440.0
3500.0
3234.0
3357.0
3044.0
3189.0
3159.0
3385.0
3244.0
3207.0
2964.0
2939.0
3290.0
2944.0
2956.0
3099.0
3358.0
3160.0
2867.0
3160.0
3300.0
3139.0
3392.0
3101.0
3437.0
3836.0
3080.0
3276.0
3464.0
2960.0
3313.0
3016.0
3396.0
2959.0
3126.0
3445.0
3146.0
3315.0
3525.0
3335.0
3509.0
3219.0
3301.0
3411.0
3270.0
3215.0
3399.0
3013.0
3315.0
3005.0
3348.0
3247.0
3157.0
3276.0
3190.0
3165.0
3045.0
3346.0
3142.0
2909.0
3242.0
3276.0
3008.0
3016.0
3339.0
3225.0
3397.0
